The system is: Linux - 3.6.11-1.fc17.x86_64 - x86_64
Compiling the CXX compiler identification source file "CMakeCXXCompilerId.cpp" succeeded.
Compiler: /usr/lib64/ccache/c++ 
Build flags: 
Id flags: 

The output was:
0


Compilation of the CXX compiler identification source "CMakeCXXCompilerId.cpp" produced "a.out"

The CXX compiler identification is GNU, found in "/users/guest/m/mikeac89/cs470/bzrflag/armadillo/CMakeFiles/CompilerIdCXX/a.out"

Determining if the CXX compiler works passed with the following output:
Change Dir: /users/guest/m/mikeac89/cs470/bzrflag/armadillo/CMakeFiles/CMakeTmp

Run Build Command:/usr/bin/gmake "cmTryCompileExec1450585488/fast"
/usr/bin/gmake -f CMakeFiles/cmTryCompileExec1450585488.dir/build.make CMakeFiles/cmTryCompileExec1450585488.dir/build
gmake[1]: Entering directory `/users/home1/guest/m/mikeac89/cs470/bzrflag/armadillo/CMakeFiles/CMakeTmp'
/usr/bin/cmake -E cmake_progress_report /users/guest/m/mikeac89/cs470/bzrflag/armadillo/CMakeFiles/CMakeTmp/CMakeFiles 1
Building CXX object CMakeFiles/cmTryCompileExec1450585488.dir/testCXXCompiler.cxx.o
/usr/lib64/ccache/c++     -o CMakeFiles/cmTryCompileExec1450585488.dir/testCXXCompiler.cxx.o -c /users/guest/m/mikeac89/cs470/bzrflag/armadillo/CMakeFiles/CMakeTmp/testCXXCompiler.cxx
Linking CXX executable cmTryCompileExec1450585488
/usr/bin/cmake -E cmake_link_script CMakeFiles/cmTryCompileExec1450585488.dir/link.txt --verbose=1
/usr/lib64/ccache/c++          CMakeFiles/cmTryCompileExec1450585488.dir/testCXXCompiler.cxx.o  -o cmTryCompileExec1450585488 -rdynamic 
gmake[1]: Leaving directory `/users/home1/guest/m/mikeac89/cs470/bzrflag/armadillo/CMakeFiles/CMakeTmp'


Detecting CXX compiler ABI info compiled with the following output:
Change Dir: /users/guest/m/mikeac89/cs470/bzrflag/armadillo/CMakeFiles/CMakeTmp

Run Build Command:/usr/bin/gmake "cmTryCompileExec1007063413/fast"
/usr/bin/gmake -f CMakeFiles/cmTryCompileExec1007063413.dir/build.make CMakeFiles/cmTryCompileExec1007063413.dir/build
gmake[1]: Entering directory `/users/home1/guest/m/mikeac89/cs470/bzrflag/armadillo/CMakeFiles/CMakeTmp'
/usr/bin/cmake -E cmake_progress_report /users/guest/m/mikeac89/cs470/bzrflag/armadillo/CMakeFiles/CMakeTmp/CMakeFiles 1
Building CXX object CMakeFiles/cmTryCompileExec1007063413.dir/CMakeCXXCompilerABI.cpp.o
/usr/lib64/ccache/c++     -o CMakeFiles/cmTryCompileExec1007063413.dir/CMakeCXXCompilerABI.cpp.o -c /usr/share/cmake/Modules/CMakeCXXCompilerABI.cpp
Linking CXX executable cmTryCompileExec1007063413
/usr/bin/cmake -E cmake_link_script CMakeFiles/cmTryCompileExec1007063413.dir/link.txt --verbose=1
/usr/lib64/ccache/c++        -v CMakeFiles/cmTryCompileExec1007063413.dir/CMakeCXXCompilerABI.cpp.o  -o cmTryCompileExec1007063413 -rdynamic  
Using built-in specs.
COLLECT_GCC=/usr/bin/c++
COLLECT_LTO_WRAPPER=/usr/libexec/gcc/x86_64-redhat-linux/4.7.2/lto-wrapper
Target: x86_64-redhat-linux
Configured with: ../configure --prefix=/usr --mandir=/usr/share/man --infodir=/usr/share/info --with-bugurl=http://bugzilla.redhat.com/bugzilla --enable-bootstrap --enable-shared --enable-threads=posix --enable-checking=release --disable-build-with-cxx --disable-build-poststage1-with-cxx --with-system-zlib --enable-__cxa_atexit --disable-libunwind-exceptions --enable-gnu-unique-object --enable-linker-build-id --with-linker-hash-style=gnu --enable-languages=c,c++,objc,obj-c++,java,fortran,ada,go,lto --enable-plugin --enable-initfini-array --enable-java-awt=gtk --disable-dssi --with-java-home=/usr/lib/jvm/java-1.5.0-gcj-1.5.0.0/jre --enable-libgcj-multifile --enable-java-maintainer-mode --with-ecj-jar=/usr/share/java/eclipse-ecj.jar --disable-libjava-multilib --with-ppl --with-cloog --with-tune=generic --with-arch_32=i686 --build=x86_64-redhat-linux
Thread model: posix
gcc version 4.7.2 20120921 (Red Hat 4.7.2-2) (GCC) 
COMPILER_PATH=/usr/libexec/gcc/x86_64-redhat-linux/4.7.2/:/usr/libexec/gcc/x86_64-redhat-linux/4.7.2/:/usr/libexec/gcc/x86_64-redhat-linux/:/usr/lib/gcc/x86_64-redhat-linux/4.7.2/:/usr/lib/gcc/x86_64-redhat-linux/
LIBRARY_PATH=/usr/lib/gcc/x86_64-redhat-linux/4.7.2/:/usr/lib/gcc/x86_64-redhat-linux/4.7.2/../../../../lib64/:/lib/../lib64/:/usr/lib/../lib64/:/usr/lib/gcc/x86_64-redhat-linux/4.7.2/../../../:/lib/:/usr/lib/
COLLECT_GCC_OPTIONS='-v' '-o' 'cmTryCompileExec1007063413' '-rdynamic' '-shared-libgcc' '-mtune=generic' '-march=x86-64'
 /usr/libexec/gcc/x86_64-redhat-linux/4.7.2/collect2 --build-id --no-add-needed --eh-frame-hdr --hash-style=gnu -m elf_x86_64 -export-dynamic -dynamic-linker /lib64/ld-linux-x86-64.so.2 -o cmTryCompileExec1007063413 /usr/lib/gcc/x86_64-redhat-linux/4.7.2/../../../../lib64/crt1.o /usr/lib/gcc/x86_64-redhat-linux/4.7.2/../../../../lib64/crti.o /usr/lib/gcc/x86_64-redhat-linux/4.7.2/crtbegin.o -L/usr/lib/gcc/x86_64-redhat-linux/4.7.2 -L/usr/lib/gcc/x86_64-redhat-linux/4.7.2/../../../../lib64 -L/lib/../lib64 -L/usr/lib/../lib64 -L/usr/lib/gcc/x86_64-redhat-linux/4.7.2/../../.. CMakeFiles/cmTryCompileExec1007063413.dir/CMakeCXXCompilerABI.cpp.o -lstdc++ -lm -lgcc_s -lgcc -lc -lgcc_s -lgcc /usr/lib/gcc/x86_64-redhat-linux/4.7.2/crtend.o /usr/lib/gcc/x86_64-redhat-linux/4.7.2/../../../../lib64/crtn.o
gmake[1]: Leaving directory `/users/home1/guest/m/mikeac89/cs470/bzrflag/armadillo/CMakeFiles/CMakeTmp'


Parsed CXX implicit link information from above output:
  link line regex: [^( *|.*[/\])(ld|ld|collect2)[^/\]*( |$)]
  ignore line: [Change Dir: /users/guest/m/mikeac89/cs470/bzrflag/armadillo/CMakeFiles/CMakeTmp]
  ignore line: []
  ignore line: [Run Build Command:/usr/bin/gmake "cmTryCompileExec1007063413/fast"]
  ignore line: [/usr/bin/gmake -f CMakeFiles/cmTryCompileExec1007063413.dir/build.make CMakeFiles/cmTryCompileExec1007063413.dir/build]
  ignore line: [gmake[1]: Entering directory `/users/home1/guest/m/mikeac89/cs470/bzrflag/armadillo/CMakeFiles/CMakeTmp']
  ignore line: [/usr/bin/cmake -E cmake_progress_report /users/guest/m/mikeac89/cs470/bzrflag/armadillo/CMakeFiles/CMakeTmp/CMakeFiles 1]
  ignore line: [Building CXX object CMakeFiles/cmTryCompileExec1007063413.dir/CMakeCXXCompilerABI.cpp.o]
  ignore line: [/usr/lib64/ccache/c++     -o CMakeFiles/cmTryCompileExec1007063413.dir/CMakeCXXCompilerABI.cpp.o -c /usr/share/cmake/Modules/CMakeCXXCompilerABI.cpp]
  ignore line: [Linking CXX executable cmTryCompileExec1007063413]
  ignore line: [/usr/bin/cmake -E cmake_link_script CMakeFiles/cmTryCompileExec1007063413.dir/link.txt --verbose=1]
  ignore line: [/usr/lib64/ccache/c++        -v CMakeFiles/cmTryCompileExec1007063413.dir/CMakeCXXCompilerABI.cpp.o  -o cmTryCompileExec1007063413 -rdynamic  ]
  ignore line: [Using built-in specs.]
  ignore line: [COLLECT_GCC=/usr/bin/c++]
  ignore line: [COLLECT_LTO_WRAPPER=/usr/libexec/gcc/x86_64-redhat-linux/4.7.2/lto-wrapper]
  ignore line: [Target: x86_64-redhat-linux]
  ignore line: [Configured with: ../configure --prefix=/usr --mandir=/usr/share/man --infodir=/usr/share/info --with-bugurl=http://bugzilla.redhat.com/bugzilla --enable-bootstrap --enable-shared --enable-threads=posix --enable-checking=release --disable-build-with-cxx --disable-build-poststage1-with-cxx --with-system-zlib --enable-__cxa_atexit --disable-libunwind-exceptions --enable-gnu-unique-object --enable-linker-build-id --with-linker-hash-style=gnu --enable-languages=c,c++,objc,obj-c++,java,fortran,ada,go,lto --enable-plugin --enable-initfini-array --enable-java-awt=gtk --disable-dssi --with-java-home=/usr/lib/jvm/java-1.5.0-gcj-1.5.0.0/jre --enable-libgcj-multifile --enable-java-maintainer-mode --with-ecj-jar=/usr/share/java/eclipse-ecj.jar --disable-libjava-multilib --with-ppl --with-cloog --with-tune=generic --with-arch_32=i686 --build=x86_64-redhat-linux]
  ignore line: [Thread model: posix]
  ignore line: [gcc version 4.7.2 20120921 (Red Hat 4.7.2-2) (GCC) ]
  ignore line: [COMPILER_PATH=/usr/libexec/gcc/x86_64-redhat-linux/4.7.2/:/usr/libexec/gcc/x86_64-redhat-linux/4.7.2/:/usr/libexec/gcc/x86_64-redhat-linux/:/usr/lib/gcc/x86_64-redhat-linux/4.7.2/:/usr/lib/gcc/x86_64-redhat-linux/]
  ignore line: [LIBRARY_PATH=/usr/lib/gcc/x86_64-redhat-linux/4.7.2/:/usr/lib/gcc/x86_64-redhat-linux/4.7.2/../../../../lib64/:/lib/../lib64/:/usr/lib/../lib64/:/usr/lib/gcc/x86_64-redhat-linux/4.7.2/../../../:/lib/:/usr/lib/]
  ignore line: [COLLECT_GCC_OPTIONS='-v' '-o' 'cmTryCompileExec1007063413' '-rdynamic' '-shared-libgcc' '-mtune=generic' '-march=x86-64']
  link line: [ /usr/libexec/gcc/x86_64-redhat-linux/4.7.2/collect2 --build-id --no-add-needed --eh-frame-hdr --hash-style=gnu -m elf_x86_64 -export-dynamic -dynamic-linker /lib64/ld-linux-x86-64.so.2 -o cmTryCompileExec1007063413 /usr/lib/gcc/x86_64-redhat-linux/4.7.2/../../../../lib64/crt1.o /usr/lib/gcc/x86_64-redhat-linux/4.7.2/../../../../lib64/crti.o /usr/lib/gcc/x86_64-redhat-linux/4.7.2/crtbegin.o -L/usr/lib/gcc/x86_64-redhat-linux/4.7.2 -L/usr/lib/gcc/x86_64-redhat-linux/4.7.2/../../../../lib64 -L/lib/../lib64 -L/usr/lib/../lib64 -L/usr/lib/gcc/x86_64-redhat-linux/4.7.2/../../.. CMakeFiles/cmTryCompileExec1007063413.dir/CMakeCXXCompilerABI.cpp.o -lstdc++ -lm -lgcc_s -lgcc -lc -lgcc_s -lgcc /usr/lib/gcc/x86_64-redhat-linux/4.7.2/crtend.o /usr/lib/gcc/x86_64-redhat-linux/4.7.2/../../../../lib64/crtn.o]
    arg [/usr/libexec/gcc/x86_64-redhat-linux/4.7.2/collect2] ==> ignore
    arg [--build-id] ==> ignore
    arg [--no-add-needed] ==> ignore
    arg [--eh-frame-hdr] ==> ignore
    arg [--hash-style=gnu] ==> ignore
    arg [-m] ==> ignore
    arg [elf_x86_64] ==> ignore
    arg [-export-dynamic] ==> ignore
    arg [-dynamic-linker] ==> ignore
    arg [/lib64/ld-linux-x86-64.so.2] ==> ignore
    arg [-o] ==> ignore
    arg [cmTryCompileExec1007063413] ==> ignore
    arg [/usr/lib/gcc/x86_64-redhat-linux/4.7.2/../../../../lib64/crt1.o] ==> ignore
    arg [/usr/lib/gcc/x86_64-redhat-linux/4.7.2/../../../../lib64/crti.o] ==> ignore
    arg [/usr/lib/gcc/x86_64-redhat-linux/4.7.2/crtbegin.o] ==> ignore
    arg [-L/usr/lib/gcc/x86_64-redhat-linux/4.7.2] ==> dir [/usr/lib/gcc/x86_64-redhat-linux/4.7.2]
    arg [-L/usr/lib/gcc/x86_64-redhat-linux/4.7.2/../../../../lib64] ==> dir [/usr/lib/gcc/x86_64-redhat-linux/4.7.2/../../../../lib64]
    arg [-L/lib/../lib64] ==> dir [/lib/../lib64]
    arg [-L/usr/lib/../lib64] ==> dir [/usr/lib/../lib64]
    arg [-L/usr/lib/gcc/x86_64-redhat-linux/4.7.2/../../..] ==> dir [/usr/lib/gcc/x86_64-redhat-linux/4.7.2/../../..]
    arg [CMakeFiles/cmTryCompileExec1007063413.dir/CMakeCXXCompilerABI.cpp.o] ==> ignore
    arg [-lstdc++] ==> lib [stdc++]
    arg [-lm] ==> lib [m]
    arg [-lgcc_s] ==> lib [gcc_s]
    arg [-lgcc] ==> lib [gcc]
    arg [-lc] ==> lib [c]
    arg [-lgcc_s] ==> lib [gcc_s]
    arg [-lgcc] ==> lib [gcc]
    arg [/usr/lib/gcc/x86_64-redhat-linux/4.7.2/crtend.o] ==> ignore
    arg [/usr/lib/gcc/x86_64-redhat-linux/4.7.2/../../../../lib64/crtn.o] ==> ignore
  remove lib [gcc_s]
  remove lib [gcc]
  remove lib [gcc_s]
  remove lib [gcc]
  collapse dir [/usr/lib/gcc/x86_64-redhat-linux/4.7.2] ==> [/usr/lib/gcc/x86_64-redhat-linux/4.7.2]
  collapse dir [/usr/lib/gcc/x86_64-redhat-linux/4.7.2/../../../../lib64] ==> [/usr/lib64]
  collapse dir [/lib/../lib64] ==> [/lib64]
  collapse dir [/usr/lib/../lib64] ==> [/usr/lib64]
  collapse dir [/usr/lib/gcc/x86_64-redhat-linux/4.7.2/../../..] ==> [/usr/lib]
  implicit libs: [stdc++;m;c]
  implicit dirs: [/usr/lib/gcc/x86_64-redhat-linux/4.7.2;/usr/lib64;/lib64;/usr/lib]


Determining if the include file boost/date_time/posix_time/posix_time.hpp exists passed with the following output:
Change Dir: /users/guest/m/mikeac89/cs470/bzrflag/armadillo/CMakeFiles/CMakeTmp

Run Build Command:/usr/bin/gmake "cmTryCompileExec3884973800/fast"
/usr/bin/gmake -f CMakeFiles/cmTryCompileExec3884973800.dir/build.make CMakeFiles/cmTryCompileExec3884973800.dir/build
gmake[1]: Entering directory `/users/home1/guest/m/mikeac89/cs470/bzrflag/armadillo/CMakeFiles/CMakeTmp'
/usr/bin/cmake -E cmake_progress_report /users/guest/m/mikeac89/cs470/bzrflag/armadillo/CMakeFiles/CMakeTmp/CMakeFiles 1
Building CXX object CMakeFiles/cmTryCompileExec3884973800.dir/CheckIncludeFile.cxx.o
/usr/lib64/ccache/c++     -o CMakeFiles/cmTryCompileExec3884973800.dir/CheckIncludeFile.cxx.o -c /users/guest/m/mikeac89/cs470/bzrflag/armadillo/CMakeFiles/CMakeTmp/CheckIncludeFile.cxx
Linking CXX executable cmTryCompileExec3884973800
/usr/bin/cmake -E cmake_link_script CMakeFiles/cmTryCompileExec3884973800.dir/link.txt --verbose=1
/usr/lib64/ccache/c++          CMakeFiles/cmTryCompileExec3884973800.dir/CheckIncludeFile.cxx.o  -o cmTryCompileExec3884973800 -rdynamic 
gmake[1]: Leaving directory `/users/home1/guest/m/mikeac89/cs470/bzrflag/armadillo/CMakeFiles/CMakeTmp'


Performing C++ SOURCE FILE Test ARMA_HAVE_STD_ISFINITE succeded with the following output:
Change Dir: /users/guest/m/mikeac89/cs470/bzrflag/armadillo/CMakeFiles/CMakeTmp

Run Build Command:/usr/bin/gmake "cmTryCompileExec3660988666/fast"
/usr/bin/gmake -f CMakeFiles/cmTryCompileExec3660988666.dir/build.make CMakeFiles/cmTryCompileExec3660988666.dir/build
gmake[1]: Entering directory `/users/home1/guest/m/mikeac89/cs470/bzrflag/armadillo/CMakeFiles/CMakeTmp'
/usr/bin/cmake -E cmake_progress_report /users/guest/m/mikeac89/cs470/bzrflag/armadillo/CMakeFiles/CMakeTmp/CMakeFiles 1
Building CXX object CMakeFiles/cmTryCompileExec3660988666.dir/src.cxx.o
/usr/lib64/ccache/c++    -DARMA_HAVE_STD_ISFINITE   -o CMakeFiles/cmTryCompileExec3660988666.dir/src.cxx.o -c /users/guest/m/mikeac89/cs470/bzrflag/armadillo/CMakeFiles/CMakeTmp/src.cxx
Linking CXX executable cmTryCompileExec3660988666
/usr/bin/cmake -E cmake_link_script CMakeFiles/cmTryCompileExec3660988666.dir/link.txt --verbose=1
/usr/lib64/ccache/c++      -DARMA_HAVE_STD_ISFINITE    CMakeFiles/cmTryCompileExec3660988666.dir/src.cxx.o  -o cmTryCompileExec3660988666 -rdynamic 
gmake[1]: Leaving directory `/users/home1/guest/m/mikeac89/cs470/bzrflag/armadillo/CMakeFiles/CMakeTmp'

Source file was:

#include <cmath>

int main()
  {
  #if !defined(isfinite)
    int i = (std::isfinite)(1.0);
  #endif
  return 0;
  }

Performing C++ SOURCE FILE Test ARMA_HAVE_STD_ISINF succeded with the following output:
Change Dir: /users/guest/m/mikeac89/cs470/bzrflag/armadillo/CMakeFiles/CMakeTmp

Run Build Command:/usr/bin/gmake "cmTryCompileExec943057814/fast"
/usr/bin/gmake -f CMakeFiles/cmTryCompileExec943057814.dir/build.make CMakeFiles/cmTryCompileExec943057814.dir/build
gmake[1]: Entering directory `/users/home1/guest/m/mikeac89/cs470/bzrflag/armadillo/CMakeFiles/CMakeTmp'
/usr/bin/cmake -E cmake_progress_report /users/guest/m/mikeac89/cs470/bzrflag/armadillo/CMakeFiles/CMakeTmp/CMakeFiles 1
Building CXX object CMakeFiles/cmTryCompileExec943057814.dir/src.cxx.o
/usr/lib64/ccache/c++    -DARMA_HAVE_STD_ISINF   -o CMakeFiles/cmTryCompileExec943057814.dir/src.cxx.o -c /users/guest/m/mikeac89/cs470/bzrflag/armadillo/CMakeFiles/CMakeTmp/src.cxx
Linking CXX executable cmTryCompileExec943057814
/usr/bin/cmake -E cmake_link_script CMakeFiles/cmTryCompileExec943057814.dir/link.txt --verbose=1
/usr/lib64/ccache/c++      -DARMA_HAVE_STD_ISINF    CMakeFiles/cmTryCompileExec943057814.dir/src.cxx.o  -o cmTryCompileExec943057814 -rdynamic 
gmake[1]: Leaving directory `/users/home1/guest/m/mikeac89/cs470/bzrflag/armadillo/CMakeFiles/CMakeTmp'

Source file was:

#include <cmath>

int main()
  {
  #if !defined(isinf)
    int i = (std::isinf)(1.0);
  #endif
  return 0;
  }

Performing C++ SOURCE FILE Test ARMA_HAVE_STD_ISNAN succeded with the following output:
Change Dir: /users/guest/m/mikeac89/cs470/bzrflag/armadillo/CMakeFiles/CMakeTmp

Run Build Command:/usr/bin/gmake "cmTryCompileExec2139922451/fast"
/usr/bin/gmake -f CMakeFiles/cmTryCompileExec2139922451.dir/build.make CMakeFiles/cmTryCompileExec2139922451.dir/build
gmake[1]: Entering directory `/users/home1/guest/m/mikeac89/cs470/bzrflag/armadillo/CMakeFiles/CMakeTmp'
/usr/bin/cmake -E cmake_progress_report /users/guest/m/mikeac89/cs470/bzrflag/armadillo/CMakeFiles/CMakeTmp/CMakeFiles 1
Building CXX object CMakeFiles/cmTryCompileExec2139922451.dir/src.cxx.o
/usr/lib64/ccache/c++    -DARMA_HAVE_STD_ISNAN   -o CMakeFiles/cmTryCompileExec2139922451.dir/src.cxx.o -c /users/guest/m/mikeac89/cs470/bzrflag/armadillo/CMakeFiles/CMakeTmp/src.cxx
Linking CXX executable cmTryCompileExec2139922451
/usr/bin/cmake -E cmake_link_script CMakeFiles/cmTryCompileExec2139922451.dir/link.txt --verbose=1
/usr/lib64/ccache/c++      -DARMA_HAVE_STD_ISNAN    CMakeFiles/cmTryCompileExec2139922451.dir/src.cxx.o  -o cmTryCompileExec2139922451 -rdynamic 
gmake[1]: Leaving directory `/users/home1/guest/m/mikeac89/cs470/bzrflag/armadillo/CMakeFiles/CMakeTmp'

Source file was:

#include <cmath>

int main()
  {
  #if !defined(isnan)
    int i = (std::isnan)(1.0);
  #endif
  return 0;
  }

Performing C++ SOURCE FILE Test ARMA_HAVE_LOG1P succeded with the following output:
Change Dir: /users/guest/m/mikeac89/cs470/bzrflag/armadillo/CMakeFiles/CMakeTmp

Run Build Command:/usr/bin/gmake "cmTryCompileExec2589396389/fast"
/usr/bin/gmake -f CMakeFiles/cmTryCompileExec2589396389.dir/build.make CMakeFiles/cmTryCompileExec2589396389.dir/build
gmake[1]: Entering directory `/users/home1/guest/m/mikeac89/cs470/bzrflag/armadillo/CMakeFiles/CMakeTmp'
/usr/bin/cmake -E cmake_progress_report /users/guest/m/mikeac89/cs470/bzrflag/armadillo/CMakeFiles/CMakeTmp/CMakeFiles 1
Building CXX object CMakeFiles/cmTryCompileExec2589396389.dir/src.cxx.o
/usr/lib64/ccache/c++    -DARMA_HAVE_LOG1P   -o CMakeFiles/cmTryCompileExec2589396389.dir/src.cxx.o -c /users/guest/m/mikeac89/cs470/bzrflag/armadillo/CMakeFiles/CMakeTmp/src.cxx
Linking CXX executable cmTryCompileExec2589396389
/usr/bin/cmake -E cmake_link_script CMakeFiles/cmTryCompileExec2589396389.dir/link.txt --verbose=1
/usr/lib64/ccache/c++      -DARMA_HAVE_LOG1P    CMakeFiles/cmTryCompileExec2589396389.dir/src.cxx.o  -o cmTryCompileExec2589396389 -rdynamic 
gmake[1]: Leaving directory `/users/home1/guest/m/mikeac89/cs470/bzrflag/armadillo/CMakeFiles/CMakeTmp'

Source file was:

#include <cmath>

int main()
  {
  #if !defined(log1p)
    int i = (::log1p)(1.0);
  #endif
  return 0;
  }

Performing C++ SOURCE FILE Test ARMA_HAVE_STD_SNPRINTF succeded with the following output:
Change Dir: /users/guest/m/mikeac89/cs470/bzrflag/armadillo/CMakeFiles/CMakeTmp

Run Build Command:/usr/bin/gmake "cmTryCompileExec3166145712/fast"
/usr/bin/gmake -f CMakeFiles/cmTryCompileExec3166145712.dir/build.make CMakeFiles/cmTryCompileExec3166145712.dir/build
gmake[1]: Entering directory `/users/home1/guest/m/mikeac89/cs470/bzrflag/armadillo/CMakeFiles/CMakeTmp'
/usr/bin/cmake -E cmake_progress_report /users/guest/m/mikeac89/cs470/bzrflag/armadillo/CMakeFiles/CMakeTmp/CMakeFiles 1
Building CXX object CMakeFiles/cmTryCompileExec3166145712.dir/src.cxx.o
/usr/lib64/ccache/c++    -DARMA_HAVE_STD_SNPRINTF   -o CMakeFiles/cmTryCompileExec3166145712.dir/src.cxx.o -c /users/guest/m/mikeac89/cs470/bzrflag/armadillo/CMakeFiles/CMakeTmp/src.cxx
Linking CXX executable cmTryCompileExec3166145712
/usr/bin/cmake -E cmake_link_script CMakeFiles/cmTryCompileExec3166145712.dir/link.txt --verbose=1
/usr/lib64/ccache/c++      -DARMA_HAVE_STD_SNPRINTF    CMakeFiles/cmTryCompileExec3166145712.dir/src.cxx.o  -o cmTryCompileExec3166145712 -rdynamic 
gmake[1]: Leaving directory `/users/home1/guest/m/mikeac89/cs470/bzrflag/armadillo/CMakeFiles/CMakeTmp'

Source file was:

#include <cstdio>

int
main()
  {
  #if !defined(snprintf)
    int i = sizeof(&(std::snprintf));
  #endif
  return 0;
  }

Performing C++ SOURCE FILE Test ARMA_HAVE_GETTIMEOFDAY succeded with the following output:
Change Dir: /users/guest/m/mikeac89/cs470/bzrflag/armadillo/CMakeFiles/CMakeTmp

Run Build Command:/usr/bin/gmake "cmTryCompileExec1269401212/fast"
/usr/bin/gmake -f CMakeFiles/cmTryCompileExec1269401212.dir/build.make CMakeFiles/cmTryCompileExec1269401212.dir/build
gmake[1]: Entering directory `/users/home1/guest/m/mikeac89/cs470/bzrflag/armadillo/CMakeFiles/CMakeTmp'
/usr/bin/cmake -E cmake_progress_report /users/guest/m/mikeac89/cs470/bzrflag/armadillo/CMakeFiles/CMakeTmp/CMakeFiles 1
Building CXX object CMakeFiles/cmTryCompileExec1269401212.dir/src.cxx.o
/usr/lib64/ccache/c++    -DARMA_HAVE_GETTIMEOFDAY   -o CMakeFiles/cmTryCompileExec1269401212.dir/src.cxx.o -c /users/guest/m/mikeac89/cs470/bzrflag/armadillo/CMakeFiles/CMakeTmp/src.cxx
Linking CXX executable cmTryCompileExec1269401212
/usr/bin/cmake -E cmake_link_script CMakeFiles/cmTryCompileExec1269401212.dir/link.txt --verbose=1
/usr/lib64/ccache/c++      -DARMA_HAVE_GETTIMEOFDAY    CMakeFiles/cmTryCompileExec1269401212.dir/src.cxx.o  -o cmTryCompileExec1269401212 -rdynamic 
gmake[1]: Leaving directory `/users/home1/guest/m/mikeac89/cs470/bzrflag/armadillo/CMakeFiles/CMakeTmp'

Source file was:

#include <sys/time.h>

int
main()
  {
  #if !defined(gettimeofday)
    int i = sizeof(&(::gettimeofday));
  #endif
  return 0;
  }

